<?xml version="1.0" encoding="UTF-8"?>
<testsuite xmlns:xsi="http://www.w3.org/2001/XMLSchema-instance" xsi:noNamespaceSchemaLocation="https://maven.apache.org/surefire/maven-surefire-plugin/xsd/surefire-test-report.xsd" name="com.test.mybatis.TestCheckMybatis" time="0.239" tests="3" errors="1" skipped="0" failures="0">
  <properties>
[...]
</properties>
  <testcase name="testFindAll" classname="com.test.mybatis.TestCheckMybatis" time="0.096"/>
  <testcase name="test1" classname="com.test.mybatis.TestCheckMybatis" time="0.072">
    <error message="&#10;### Error updating database.  Cause: com.mysql.jdbc.exceptions.jdbc4.MySQLIntegrityConstraintViolationException: Duplicate entry &apos;76543&apos; for key &apos;PRIMARY&apos;&#10;### The error may involve com.policymanage.dao.CheckDao.insertCheck-Inline&#10;### The error occurred while setting parameters&#10;### SQL: insert into `check`(c_id, c_time, c_result, c_remark) values(?, ?, ?, ?)&#10;### Cause: com.mysql.jdbc.exceptions.jdbc4.MySQLIntegrityConstraintViolationException: Duplicate entry &apos;76543&apos; for key &apos;PRIMARY&apos;" type="org.apache.ibatis.exceptions.PersistenceException">org.apache.ibatis.exceptions.PersistenceException: 

### Error updating database.  Cause: com.mysql.jdbc.exceptions.jdbc4.MySQLIntegrityConstraintViolationException: Duplicate entry '76543' for key 'PRIMARY'
### The error may involve com.policymanage.dao.CheckDao.insertCheck-Inline
### The error occurred while setting parameters
### SQL: insert into `check`(c_id, c_time, c_result, c_remark) values(?, ?, ?, ?)
### Cause: com.mysql.jdbc.exceptions.jdbc4.MySQLIntegrityConstraintViolationException: Duplicate entry '76543' for key 'PRIMARY'
	at com.test.mybatis.TestCheckMybatis.test1(TestCheckMybatis.java:56)
Caused by: com.mysql.jdbc.exceptions.jdbc4.MySQLIntegrityConstraintViolationException: Duplicate entry '76543' for key 'PRIMARY'
	at com.test.mybatis.TestCheckMybatis.test1(TestCheckMybatis.java:56)
</error>
  </testcase>
  <testcase name="test2" classname="com.test.mybatis.TestCheckMybatis" time="0.069"/>
</testsuite>